0 info it worked if it ends with ok
1 verbose cli [ '/usr/local/bin/node',
1 verbose cli   '/usr/local/bin/npm',
1 verbose cli   'run',
1 verbose cli   'test:server' ]
2 info using npm@3.10.9
3 info using node@v6.9.2
4 verbose run-script [ 'pretest:server', 'test:server', 'posttest:server' ]
5 info lifecycle medium-comment@1.0.0~pretest:server: medium-comment@1.0.0
6 silly lifecycle medium-comment@1.0.0~pretest:server: no script for pretest:server, continuing
7 info lifecycle medium-comment@1.0.0~test:server: medium-comment@1.0.0
8 verbose lifecycle medium-comment@1.0.0~test:server: unsafe-perm in lifecycle true
9 verbose lifecycle medium-comment@1.0.0~test:server: PATH: /usr/local/lib/node_modules/npm/bin/node-gyp-bin:/Users/fabriciomendonca/Projects/tests/medium-comment/node_modules/.bin:/usr/local/lib/node_modules/npm/bin/node-gyp-bin:/Users/fabriciomendonca/Projects/tests/medium-comment/node_modules/.bin:/usr/local/bin:/usr/bin:/bin:/usr/sbin:/sbin
10 verbose lifecycle medium-comment@1.0.0~test:server: CWD: /Users/fabriciomendonca/Projects/tests/medium-comment
11 silly lifecycle medium-comment@1.0.0~test:server: Args: [ '-c',
11 silly lifecycle   'export NODE_ENV=test || set NODE_ENV=test && mocha server/test/**/*.js' ]
12 silly lifecycle medium-comment@1.0.0~test:server: Returned: code: 4  signal: null
13 info lifecycle medium-comment@1.0.0~test:server: Failed to exec test:server script
14 verbose stack Error: medium-comment@1.0.0 test:server: `export NODE_ENV=test || set NODE_ENV=test && mocha server/test/**/*.js`
14 verbose stack Exit status 4
14 verbose stack     at EventEmitter.<anonymous> (/usr/local/lib/node_modules/npm/lib/utils/lifecycle.js:255:16)
14 verbose stack     at emitTwo (events.js:106:13)
14 verbose stack     at EventEmitter.emit (events.js:191:7)
14 verbose stack     at ChildProcess.<anonymous> (/usr/local/lib/node_modules/npm/lib/utils/spawn.js:40:14)
14 verbose stack     at emitTwo (events.js:106:13)
14 verbose stack     at ChildProcess.emit (events.js:191:7)
14 verbose stack     at maybeClose (internal/child_process.js:877:16)
14 verbose stack     at Process.ChildProcess._handle.onexit (internal/child_process.js:226:5)
15 verbose pkgid medium-comment@1.0.0
16 verbose cwd /Users/fabriciomendonca/Projects/tests/medium-comment
17 error Darwin 16.5.0
18 error argv "/usr/local/bin/node" "/usr/local/bin/npm" "run" "test:server"
19 error node v6.9.2
20 error npm  v3.10.9
21 error code ELIFECYCLE
22 error medium-comment@1.0.0 test:server: `export NODE_ENV=test || set NODE_ENV=test && mocha server/test/**/*.js`
22 error Exit status 4
23 error Failed at the medium-comment@1.0.0 test:server script 'export NODE_ENV=test || set NODE_ENV=test && mocha server/test/**/*.js'.
23 error Make sure you have the latest version of node.js and npm installed.
23 error If you do, this is most likely a problem with the medium-comment package,
23 error not with npm itself.
23 error Tell the author that this fails on your system:
23 error     export NODE_ENV=test || set NODE_ENV=test && mocha server/test/**/*.js
23 error You can get information on how to open an issue for this project with:
23 error     npm bugs medium-comment
23 error Or if that isn't available, you can get their info via:
23 error     npm owner ls medium-comment
23 error There is likely additional logging output above.
24 verbose exit [ 1, true ]
